<?xml version="1.0" encoding="UTF-8"?>
<!-- Generated by org.testng.reporters.JUnitReportReporter -->
<testsuite hostname="olga-mint" name="test.management.memory.memory_management.MainMemoryUnitTest" tests="1" failures="0" timestamp="29 Feb 2016 22:30:52 GMT" time="0.026" errors="0">
  <testcase name="testConstructorInitialisation" time="0.026" classname="test.management.memory.memory_management.MainMemoryUnitTest"/>
</testsuite> <!-- test.management.memory.memory_management.MainMemoryUnitTest -->
